TN:
SF:src/app.ts
FN:14,(anonymous_8)
FN:25,(anonymous_9)
FN:25,(anonymous_10)
FN:33,(anonymous_11)
FN:33,(anonymous_12)
FN:54,(anonymous_13)
FN:54,(anonymous_14)
FNF:7
FNH:4
FNDA:0,(anonymous_8)
FNDA:1,(anonymous_9)
FNDA:1,(anonymous_10)
FNDA:0,(anonymous_11)
FNDA:0,(anonymous_12)
FNDA:1,(anonymous_13)
FNDA:1,(anonymous_14)
DA:1,1
DA:2,1
DA:8,1
DA:10,1
DA:12,1
DA:14,1
DA:15,0
DA:25,1
DA:26,1
DA:27,1
DA:30,1
DA:33,1
DA:34,0
DA:35,0
DA:36,0
DA:37,0
DA:38,0
DA:40,0
DA:48,0
DA:51,0
DA:54,1
DA:55,1
DA:57,1
DA:59,1
DA:62,1
DA:65,1
LF:26
LH:17
BRDA:37,0,0,0
BRDA:37,0,1,0
BRF:2
BRH:0
end_of_record
TN:
SF:src/getClient.ts
FN:6,(anonymous_7)
FN:6,(anonymous_8)
FNF:2
FNH:2
FNDA:1,(anonymous_7)
FNDA:1,(anonymous_8)
DA:1,1
DA:4,1
DA:6,1
DA:7,1
DA:14,1
DA:15,1
LF:6
LH:6
BRF:0
BRH:0
end_of_record
TN:
SF:src/sqlMethods.ts
FN:5,read_in_query
FN:24,getAllTasksNonCompleted
FN:34,insertTask
FN:55,updateTaskAsCompleted
FNF:4
FNH:2
FNDA:3,read_in_query
FNDA:0,getAllTasksNonCompleted
FNDA:0,insertTask
FNDA:1,updateTaskAsCompleted
DA:1,1
DA:2,1
DA:3,1
DA:6,3
DA:9,1
DA:12,1
DA:13,1
DA:24,1
DA:25,0
DA:27,0
DA:29,0
DA:31,0
DA:34,1
DA:40,0
DA:42,0
DA:50,0
DA:52,0
DA:55,1
DA:56,1
DA:58,1
DA:60,1
DA:62,1
LF:22
LH:14
BRF:0
BRH:0
end_of_record
